#-----------------------------------------------------------
# Vivado v2018.2 (64-bit)
# SW Build 2258646 on Thu Jun 14 20:03:12 MDT 2018
# IP Build 2256618 on Thu Jun 14 22:10:49 MDT 2018
# Start of session at: Fri Dec 21 12:51:36 2018
# Process ID: 20996
# Current directory: C:/Users/Bruk/AppData/Roaming/Xilinx/Vivado
# Command line: vivado.exe -gui_launcher_event rodinguilauncherevent4336
# Log file: C:/Users/Bruk/AppData/Roaming/Xilinx/Vivado/vivado.log
# Journal file: C:/Users/Bruk/AppData/Roaming/Xilinx/Vivado\vivado.jou
#-----------------------------------------------------------
start_gui
open_project C:/Users/Bruk/Documents/xilinx/Matrix_mult/Matrix_mult.xpr
Scanning sources...
Finished scanning sources
INFO: [IP_Flow 19-234] Refreshing IP repositories
INFO: [IP_Flow 19-1704] No user IP repositories specified
INFO: [IP_Flow 19-2313] Loaded Vivado IP repository 'C:/Xilinx/Vivado/2018.2/data/ip'.
open_project: Time (s): cpu = 00:00:15 ; elapsed = 00:00:22 . Memory (MB): peak = 835.773 ; gain = 146.688
update_compile_order -fileset sources_1
archive_project C:/Users/Bruk/Documents/xilinx/Matrix_mult_xilinx.xpr.zip -temp_dir C:/Users/Bruk/AppData/Roaming/Xilinx/Vivado/.Xil/Vivado-20996-DESKTOP-7GP8L4K -force -include_local_ip_cache
INFO: [Coretcl 2-137] starting archive...
INFO: [Coretcl 2-1499] Saving project copy to temporary location 'C:/Users/Bruk/AppData/Roaming/Xilinx/Vivado/.Xil/Vivado-20996-DESKTOP-7GP8L4K' for archiving project
Scanning sources...
Finished scanning sources
INFO: [Coretcl 2-1211] Creating project copy for archival...
INFO: [ProjectBase 1-495] The host OS only allows 260 characters in a normal path. The project is stored in a path with more than 80 characters. If you experience any problem with archiving the project, please consider setting environment variable $TEMP to a shorter path.
Current project path is 'C:/Users/Bruk/AppData/Roaming/Xilinx/Vivado/.Xil/Vivado-20996-DESKTOP-7GP8L4K/PrjAr/_X_'.
INFO: [Coretcl 2-1213] Including run results for 'synth_1'
INFO: [Coretcl 2-1213] Including run results for 'impl_1'
INFO: [Coretcl 2-1209] Adding archive summary file to the project...
INFO: [Coretcl 2-1214] Preparing project files for archive...
INFO: [Coretcl 2-1210] Compressing project files and data...
INFO: [Coretcl 2-1215] Project archived (C:/Users/Bruk/Documents/xilinx/Matrix_mult_xilinx.xpr.zip)
INFO: [Coretcl 2-1216] To view the archive summary log in GUI, double click on 'Design Sources->Text->archive_project_summary.txt', or open this file from the archived project directory.
archive_project C:/Users/Bruk/Documents/xilinx/Matrix_mult.xpr.zip -temp_dir C:/Users/Bruk/AppData/Roaming/Xilinx/Vivado/.Xil/Vivado-20996-DESKTOP-7GP8L4K -force -include_local_ip_cache
INFO: [Coretcl 2-137] starting archive...
INFO: [Coretcl 2-1499] Saving project copy to temporary location 'C:/Users/Bruk/AppData/Roaming/Xilinx/Vivado/.Xil/Vivado-20996-DESKTOP-7GP8L4K' for archiving project
Scanning sources...
Finished scanning sources
INFO: [Coretcl 2-1211] Creating project copy for archival...
INFO: [ProjectBase 1-495] The host OS only allows 260 characters in a normal path. The project is stored in a path with more than 80 characters. If you experience any problem with archiving the project, please consider setting environment variable $TEMP to a shorter path.
Current project path is 'C:/Users/Bruk/AppData/Roaming/Xilinx/Vivado/.Xil/Vivado-20996-DESKTOP-7GP8L4K/PrjAr/_X_'.
INFO: [Coretcl 2-1213] Including run results for 'synth_1'
INFO: [Coretcl 2-1213] Including run results for 'impl_1'
INFO: [Coretcl 2-1209] Adding archive summary file to the project...
INFO: [Coretcl 2-1214] Preparing project files for archive...
INFO: [Coretcl 2-1210] Compressing project files and data...
INFO: [Coretcl 2-1215] Project archived (C:/Users/Bruk/Documents/xilinx/Matrix_mult.xpr.zip)
INFO: [Coretcl 2-1216] To view the archive summary log in GUI, double click on 'Design Sources->Text->archive_project_summary.txt', or open this file from the archived project directory.
archive_project C:/Users/Bruk/Documents/xilinx/Matrix_mult.xpr.zip -temp_dir C:/Users/Bruk/AppData/Roaming/Xilinx/Vivado/.Xil/Vivado-20996-DESKTOP-7GP8L4K -force
INFO: [Coretcl 2-137] starting archive...
INFO: [Coretcl 2-1499] Saving project copy to temporary location 'C:/Users/Bruk/AppData/Roaming/Xilinx/Vivado/.Xil/Vivado-20996-DESKTOP-7GP8L4K' for archiving project
Scanning sources...
Finished scanning sources
INFO: [Coretcl 2-1211] Creating project copy for archival...
INFO: [ProjectBase 1-495] The host OS only allows 260 characters in a normal path. The project is stored in a path with more than 80 characters. If you experience any problem with archiving the project, please consider setting environment variable $TEMP to a shorter path.
Current project path is 'C:/Users/Bruk/AppData/Roaming/Xilinx/Vivado/.Xil/Vivado-20996-DESKTOP-7GP8L4K/PrjAr/_X_'.
INFO: [Coretcl 2-1213] Including run results for 'synth_1'
INFO: [Coretcl 2-1213] Including run results for 'impl_1'
INFO: [Coretcl 2-1209] Adding archive summary file to the project...
INFO: [Coretcl 2-1214] Preparing project files for archive...
INFO: [Coretcl 2-1210] Compressing project files and data...
INFO: [Coretcl 2-1215] Project archived (C:/Users/Bruk/Documents/xilinx/Matrix_mult.xpr.zip)
INFO: [Coretcl 2-1216] To view the archive summary log in GUI, double click on 'Design Sources->Text->archive_project_summary.txt', or open this file from the archived project directory.
archive_project C:/Users/Bruk/Documents/xilinx/Matrix_mult.xpr.zip -temp_dir C:/Users/Bruk/AppData/Roaming/Xilinx/Vivado/.Xil/Vivado-20996-DESKTOP-7GP8L4K -force -exclude_run_results
INFO: [Coretcl 2-137] starting archive...
INFO: [Coretcl 2-1499] Saving project copy to temporary location 'C:/Users/Bruk/AppData/Roaming/Xilinx/Vivado/.Xil/Vivado-20996-DESKTOP-7GP8L4K' for archiving project
Scanning sources...
Finished scanning sources
INFO: [Coretcl 2-1211] Creating project copy for archival...
INFO: [ProjectBase 1-495] The host OS only allows 260 characters in a normal path. The project is stored in a path with more than 80 characters. If you experience any problem with archiving the project, please consider setting environment variable $TEMP to a shorter path.
Current project path is 'C:/Users/Bruk/AppData/Roaming/Xilinx/Vivado/.Xil/Vivado-20996-DESKTOP-7GP8L4K/PrjAr/_X_'.
INFO: [Coretcl 2-135] resetting runs for excluding generated files from archive...
WARNING: [Coretcl 2-105] Run 'synth_1' is currently active
INFO: [Coretcl 2-133] re-setting run 'synth_1'...
INFO: [Coretcl 2-133] re-setting run 'impl_1'...
